# JRE version: Java(TM) SE Runtime Environment (18.0.1.1+2) (build 18.0.1.1+2-6)
# Java VM: Java HotSpot(TM) 64-Bit Server VM (18.0.1.1+2-6, mixed mode, sharing, tiered, compressed oops, compressed class ptrs, g1 gc, windows-amd64)
GC Precious Log:
 CardTable entry size: 512
 Card Set container configuration: InlinePtr #cards 4 size 8 Array Of Cards #cards 16 size 48 Howl #buckets 8 coarsen threshold 3686 Howl Bitmap #cards 512 size 80 coarsen threshold 460 Card regions per heap region 1 cards per card region 4096
 CPUs: 8 total, 8 available
 Memory: 16267M
 Large Page Support: Disabled
 NUMA Support: Disabled
 Compressed Oops: Enabled (Zero based)
 Heap Region Size: 2M
 Heap Min Capacity: 8M
 Heap Initial Capacity: 256M
 Heap Max Capacity: 4068M
 Pre-touch: Disabled
 Parallel Workers: 8
 Concurrent Workers: 2
 Concurrent Refinement Workers: 8
 Periodic GC: Disabled
Heap:
 garbage-first heap   total 57344K, used 41468K [0x0000000701c00000, 0x0000000800000000)
  region size 2048K, 11 young (22528K), 2 survivors (4096K)
 Metaspace       used 61586K, committed 62016K, reserved 1114112K
  class space    used 7737K, committed 7936K, reserved 1048576K
GC Heap History (20 events):
Event: 7.541 GC heap before
{Heap before GC invocations=17 (full 0):
 garbage-first heap   total 57344K, used 45295K [0x0000000701c00000, 0x0000000800000000)
  region size 2048K, 13 young (26624K), 1 survivors (2048K)
 Metaspace       used 52816K, committed 53184K, reserved 1114112K
  class space    used 6688K, committed 6848K, reserved 1048576K
}
Event: 7.544 GC heap after
{Heap after GC invocations=18 (full 0):
 garbage-first heap   total 57344K, used 21535K [0x0000000701c00000, 0x0000000800000000)
  region size 2048K, 2 young (4096K), 2 survivors (4096K)
 Metaspace       used 52816K, committed 53184K, reserved 1114112K
  class space    used 6688K, committed 6848K, reserved 1048576K
}
Event: 8.016 GC heap before
{Heap before GC invocations=18 (full 0):
 garbage-first heap   total 57344K, used 44063K [0x0000000701c00000, 0x0000000800000000)
  region size 2048K, 13 young (26624K), 2 survivors (4096K)
 Metaspace       used 54589K, committed 55040K, reserved 1114112K
  class space    used 6951K, committed 7168K, reserved 1048576K
}
Event: 8.020 GC heap after
{Heap after GC invocations=19 (full 0):
 garbage-first heap   total 57344K, used 22492K [0x0000000701c00000, 0x0000000800000000)
  region size 2048K, 2 young (4096K), 2 survivors (4096K)
 Metaspace       used 54589K, committed 55040K, reserved 1114112K
  class space    used 6951K, committed 7168K, reserved 1048576K
}
Event: 8.424 GC heap before
{Heap before GC invocations=19 (full 0):
 garbage-first heap   total 57344K, used 45020K [0x0000000701c00000, 0x0000000800000000)
  region size 2048K, 13 young (26624K), 2 survivors (4096K)
 Metaspace       used 56007K, committed 56384K, reserved 1114112K
  class space    used 7135K, committed 7296K, reserved 1048576K
}
Event: 8.427 GC heap after
{Heap after GC invocations=20 (full 0):
 garbage-first heap   total 57344K, used 23884K [0x0000000701c00000, 0x0000000800000000)
  region size 2048K, 2 young (4096K), 2 survivors (4096K)
 Metaspace       used 56007K, committed 56384K, reserved 1114112K
  class space    used 7135K, committed 7296K, reserved 1048576K
}
Event: 8.760 GC heap before
{Heap before GC invocations=20 (full 0):
 garbage-first heap   total 57344K, used 44364K [0x0000000701c00000, 0x0000000800000000)
  region size 2048K, 12 young (24576K), 2 survivors (4096K)
 Metaspace       used 57473K, committed 57920K, reserved 1114112K
  class space    used 7326K, committed 7488K, reserved 1048576K
}
Event: 8.763 GC heap after
{Heap after GC invocations=21 (full 0):
 garbage-first heap   total 57344K, used 25302K [0x0000000701c00000, 0x0000000800000000)
  region size 2048K, 2 young (4096K), 2 survivors (4096K)
 Metaspace       used 57473K, committed 57920K, reserved 1114112K
  class space    used 7326K, committed 7488K, reserved 1048576K
}
Event: 32.170 GC heap before
{Heap before GC invocations=21 (full 0):
 garbage-first heap   total 57344K, used 45782K [0x0000000701c00000, 0x0000000800000000)
  region size 2048K, 12 young (24576K), 2 survivors (4096K)
 Metaspace       used 59665K, committed 60096K, reserved 1114112K
  class space    used 7587K, committed 7808K, reserved 1048576K
}
Event: 32.172 GC heap after
{Heap after GC invocations=22 (full 0):
 garbage-first heap   total 57344K, used 25788K [0x0000000701c00000, 0x0000000800000000)
  region size 2048K, 1 young (2048K), 1 survivors (2048K)
 Metaspace       used 59665K, committed 60096K, reserved 1114112K
  class space    used 7587K, committed 7808K, reserved 1048576K
}
Event: 45.520 GC heap before
{Heap before GC invocations=22 (full 0):
 garbage-first heap   total 57344K, used 29884K [0x0000000701c00000, 0x0000000800000000)
  region size 2048K, 4 young (8192K), 1 survivors (2048K)
 Metaspace       used 60085K, committed 60480K, reserved 1114112K
  class space    used 7636K, committed 7872K, reserved 1048576K
}
Event: 45.522 GC heap after
{Heap after GC invocations=23 (full 0):
 garbage-first heap   total 57344K, used 25788K [0x0000000701c00000, 0x0000000800000000)
  region size 2048K, 1 young (2048K), 1 survivors (2048K)
 Metaspace       used 60085K, committed 60480K, reserved 1114112K
  class space    used 7636K, committed 7872K, reserved 1048576K
}
Event: 636.498 GC heap before
{Heap before GC invocations=24 (full 0):
 garbage-first heap   total 57344K, used 46268K [0x0000000701c00000, 0x0000000800000000)
  region size 2048K, 11 young (22528K), 1 survivors (2048K)
 Metaspace       used 60539K, committed 60928K, reserved 1114112K
  class space    used 7679K, committed 7872K, reserved 1048576K
}
Event: 636.500 GC heap after
{Heap after GC invocations=25 (full 0):
 garbage-first heap   total 57344K, used 25877K [0x0000000701c00000, 0x0000000800000000)
  region size 2048K, 2 young (4096K), 2 survivors (4096K)
 Metaspace       used 60539K, committed 60928K, reserved 1114112K
  class space    used 7679K, committed 7872K, reserved 1048576K
}
Event: 645.511 GC heap before
{Heap before GC invocations=25 (full 0):
 garbage-first heap   total 57344K, used 27925K [0x0000000701c00000, 0x0000000800000000)
  region size 2048K, 4 young (8192K), 2 survivors (4096K)
 Metaspace       used 60663K, committed 61056K, reserved 1114112K
  class space    used 7701K, committed 7872K, reserved 1048576K
}
Event: 645.566 GC heap after
{Heap after GC invocations=26 (full 1):
 garbage-first heap   total 57344K, used 21827K [0x0000000701c00000, 0x0000000800000000)
  region size 2048K, 0 young (0K), 0 survivors (0K)
 Metaspace       used 60663K, committed 61056K, reserved 1114112K
  class space    used 7701K, committed 7872K, reserved 1048576K
}
Event: 646.147 GC heap before
{Heap before GC invocations=26 (full 1):
 garbage-first heap   total 57344K, used 44355K [0x0000000701c00000, 0x0000000800000000)
  region size 2048K, 11 young (22528K), 0 survivors (0K)
 Metaspace       used 60918K, committed 61376K, reserved 1114112K
  class space    used 7715K, committed 7936K, reserved 1048576K
}
Event: 646.149 GC heap after
{Heap after GC invocations=27 (full 1):
 garbage-first heap   total 57344K, used 23937K [0x0000000701c00000, 0x0000000800000000)
  region size 2048K, 2 young (4096K), 2 survivors (4096K)
 Metaspace       used 60918K, committed 61376K, reserved 1114112K
  class space    used 7715K, committed 7936K, reserved 1048576K
}
Event: 646.518 GC heap before
{Heap before GC invocations=27 (full 1):
 garbage-first heap   total 57344K, used 42369K [0x0000000701c00000, 0x0000000800000000)
  region size 2048K, 11 young (22528K), 2 survivors (4096K)
 Metaspace       used 61238K, committed 61696K, reserved 1114112K
  class space    used 7723K, committed 7936K, reserved 1048576K
}
Event: 646.521 GC heap after
{Heap after GC invocations=28 (full 1):
 garbage-first heap   total 57344K, used 25084K [0x0000000701c00000, 0x0000000800000000)
  region size 2048K, 2 young (4096K), 2 survivors (4096K)
 Metaspace       used 61238K, committed 61696K, reserved 1114112K
  class space    used 7723K, committed 7936K, reserved 1048576K
}

